\BOOKMARK [1][-]{section.1}{Introduction}{}% 1
\BOOKMARK [1][-]{section.2}{Medical and Lifestyle Information Dataset}{}% 2
\BOOKMARK [1][-]{section.3}{Employee Information Dataset}{}% 3
\BOOKMARK [1][-]{section.4}{Attribute Type Identification}{}% 4
\BOOKMARK [2][-]{subsection.4.1}{Continuous Numerical Attributes}{section.4}% 5
\BOOKMARK [2][-]{subsection.4.2}{Discrete Attributes}{section.4}% 6
\BOOKMARK [1][-]{section.5}{Numeric Attributes Analysis}{}% 7
\BOOKMARK [2][-]{subsection.5.1}{Healthcare Dataset}{section.5}% 8
\BOOKMARK [2][-]{subsection.5.2}{Employee Dataset}{section.5}% 9
\BOOKMARK [1][-]{section.6}{Numeric Ranges for Attributes}{}% 10
\BOOKMARK [2][-]{subsection.6.1}{Healthcare Dataset}{section.6}% 11
\BOOKMARK [2][-]{subsection.6.2}{Employee Dataset}{section.6}% 12
\BOOKMARK [1][-]{section.7}{Categorical Attributes Analysis}{}% 13
\BOOKMARK [2][-]{subsection.7.1}{Healthcare Dataset}{section.7}% 14
\BOOKMARK [2][-]{subsection.7.2}{Employee Dataset}{section.7}% 15
\BOOKMARK [2][-]{subsection.7.3}{Comments}{section.7}% 16
\BOOKMARK [1][-]{section.8}{Categorical Distribution for Attributes}{}% 17
\BOOKMARK [2][-]{subsection.8.1}{Healthcare Dataset}{section.8}% 18
\BOOKMARK [2][-]{subsection.8.2}{Salary Dataset}{section.8}% 19
\BOOKMARK [1][-]{section.9}{Class Balance}{}% 20
\BOOKMARK [2][-]{subsection.9.1}{AVC Dataset}{section.9}% 21
\BOOKMARK [2][-]{subsection.9.2}{Salary Dataset}{section.9}% 22
\BOOKMARK [2][-]{subsection.9.3}{Comments}{section.9}% 23
\BOOKMARK [1][-]{section.10}{Attribute Correlation}{}% 24
\BOOKMARK [2][-]{subsection.10.1}{AVC Dataset}{section.10}% 25
\BOOKMARK [3][-]{subsubsection.10.1.1}{Numerical Attributes}{subsection.10.1}% 26
\BOOKMARK [3][-]{subsubsection.10.1.2}{Categorical Attributes}{subsection.10.1}% 27
\BOOKMARK [2][-]{subsection.10.2}{Salary Dataset}{section.10}% 28
\BOOKMARK [3][-]{subsubsection.10.2.1}{Numerical Attributes}{subsection.10.2}% 29
\BOOKMARK [3][-]{subsubsection.10.2.2}{Categorical Attributes}{subsection.10.2}% 30
\BOOKMARK [2][-]{subsection.10.3}{Comments}{section.10}% 31
\BOOKMARK [3][-]{subsubsection.10.3.1}{AVC Dataset}{subsection.10.3}% 32
\BOOKMARK [3][-]{subsubsection.10.3.2}{Salary Dataset}{subsection.10.3}% 33
\BOOKMARK [1][-]{section.11}{Preprocess of Data}{}% 34
\BOOKMARK [2][-]{subsection.11.1}{Imputing Missing Values}{section.11}% 35
\BOOKMARK [2][-]{subsection.11.2}{Handling Extreme Values}{section.11}% 36
\BOOKMARK [2][-]{subsection.11.3}{Removing Highly Correlated Attributes}{section.11}% 37
\BOOKMARK [2][-]{subsection.11.4}{Standardizing Numerical Attributes}{section.11}% 38
\BOOKMARK [2][-]{subsection.11.5}{Encoding Categorical Variables}{section.11}% 39
\BOOKMARK [2][-]{subsection.11.6}{Wrapper Function for Preprocessing}{section.11}% 40
\BOOKMARK [1][-]{section.12}{Logistic Regression}{}% 41
\BOOKMARK [2][-]{subsection.12.1}{Manual Implementation}{section.12}% 42
\BOOKMARK [2][-]{subsection.12.2}{Scikit-learn Implementation}{section.12}% 43
\BOOKMARK [2][-]{subsection.12.3}{Particularities}{section.12}% 44
\BOOKMARK [3][-]{subsubsection.12.3.1}{Categorical Attribute Encoding}{subsection.12.3}% 45
\BOOKMARK [3][-]{subsubsection.12.3.2}{Optimization Algorithm Settings}{subsection.12.3}% 46
\BOOKMARK [1][-]{section.13}{MLP}{}% 47
\BOOKMARK [2][-]{subsection.13.1}{Activation Functions}{section.13}% 48
\BOOKMARK [2][-]{subsection.13.2}{Manual Implementation}{section.13}% 49
\BOOKMARK [2][-]{subsection.13.3}{Scikit-learn Implementation}{section.13}% 50
\BOOKMARK [2][-]{subsection.13.4}{Optimizer Usage}{section.13}% 51
\BOOKMARK [3][-]{subsubsection.13.4.1}{SGD Optimizer}{subsection.13.4}% 52
\BOOKMARK [3][-]{subsubsection.13.4.2}{Adam Optimizer}{subsection.13.4}% 53
\BOOKMARK [2][-]{subsection.13.5}{Particularities}{section.13}% 54
\BOOKMARK [3][-]{subsubsection.13.5.1}{Architecture}{subsection.13.5}% 55
\BOOKMARK [3][-]{subsubsection.13.5.2}{Optimizer Configuration}{subsection.13.5}% 56
\BOOKMARK [3][-]{subsubsection.13.5.3}{Regularization Methods}{subsection.13.5}% 57
\BOOKMARK [1][-]{section.14}{Finding Best Hyperparameters}{}% 58
\BOOKMARK [2][-]{subsection.14.1}{Logistic Regression}{section.14}% 59
\BOOKMARK [2][-]{subsection.14.2}{Multi-Layer Perceptron \(MLP\)}{section.14}% 60
\BOOKMARK [1][-]{section.15}{Comparison}{}% 61
\BOOKMARK [2][-]{subsection.15.1}{Context}{section.15}% 62
\BOOKMARK [2][-]{subsection.15.2}{Logistic Regression Performance}{section.15}% 63
\BOOKMARK [3][-]{subsubsection.15.2.1}{AVC Dataset Metrics}{subsection.15.2}% 64
\BOOKMARK [3][-]{subsubsection.15.2.2}{Salary Dataset Metrics}{subsection.15.2}% 65
\BOOKMARK [3][-]{subsubsection.15.2.3}{Observations}{subsection.15.2}% 66
\BOOKMARK [3][-]{subsubsection.15.2.4}{Confusion Matrices}{subsection.15.2}% 67
\BOOKMARK [3][-]{subsubsection.15.2.5}{Comments on Confusion Matrices}{subsection.15.2}% 68
\BOOKMARK [3][-]{subsubsection.15.2.6}{Overall Accuracy}{subsection.15.2}% 69
\BOOKMARK [3][-]{subsubsection.15.2.7}{Overfit Analysis}{subsection.15.2}% 70
\BOOKMARK [2][-]{subsection.15.3}{Multi Layer Perceptron}{section.15}% 71
\BOOKMARK [3][-]{subsubsection.15.3.1}{AVC Dataset Metrics}{subsection.15.3}% 72
\BOOKMARK [3][-]{subsubsection.15.3.2}{Salary Dataset Metrics}{subsection.15.3}% 73
\BOOKMARK [3][-]{subsubsection.15.3.3}{Observations}{subsection.15.3}% 74
\BOOKMARK [3][-]{subsubsection.15.3.4}{Confusion Matrices}{subsection.15.3}% 75
\BOOKMARK [3][-]{subsubsection.15.3.5}{Comments on Confusion Matrices}{subsection.15.3}% 76
\BOOKMARK [3][-]{subsubsection.15.3.6}{Overall Accuracy}{subsection.15.3}% 77
\BOOKMARK [3][-]{subsubsection.15.3.7}{Overfit Analysis}{subsection.15.3}% 78
\BOOKMARK [2][-]{subsection.15.4}{Comparison of Logistic Regression and Multi Layer Perceptron}{section.15}% 79
\BOOKMARK [3][-]{subsubsection.15.4.1}{Observations}{subsection.15.4}% 80
