This is pdfTeX, Version 3.14159265-2.6-1.40.20 (TeX Live 2019/Debian) (preloaded format=pdflatex 2024.5.25)  25 MAY 2024 21:38
entering extended mode
 restricted \write18 enabled.
 file:line:error style messages enabled.
 %&-line parsing enabled.
**/home/student/Documents/IA/Tema2/AppliedML.tex
(/home/student/Documents/IA/Tema2/AppliedML.tex
LaTeX2e <2020-02-02> patch level 2
L3 programming layer <2020-02-14> (/usr/share/texlive/texmf-dist/tex/latex/base/article.cls
Document Class: article 2019/12/20 v1.4l Standard LaTeX document class
(/usr/share/texlive/texmf-dist/tex/latex/base/size12.clo
File: size12.clo 2019/12/20 v1.4l Standard LaTeX file (size option)
)
\c@part=\count167
\c@section=\count168
\c@subsection=\count169
\c@subsubsection=\count170
\c@paragraph=\count171
\c@subparagraph=\count172
\c@figure=\count173
\c@table=\count174
\abovecaptionskip=\skip47
\belowcaptionskip=\skip48
\bibindent=\dimen134
) (/usr/share/texlive/texmf-dist/tex/latex/base/inputenc.sty
Package: inputenc 2018/08/11 v1.3c Input encoding file
\inpenc@prehook=\toks14
\inpenc@posthook=\toks15
) (/usr/share/texlive/texmf-dist/tex/latex/amsmath/amsmath.sty
Package: amsmath 2020/01/20 v2.17e AMS math features
\@mathmargin=\skip49

For additional information on amsmath, use the `?' option.
(/usr/share/texlive/texmf-dist/tex/latex/amsmath/amstext.sty
Package: amstext 2000/06/29 v2.01 AMS text
 (/usr/share/texlive/texmf-dist/tex/latex/amsmath/amsgen.sty
File: amsgen.sty 1999/11/30 v2.0 generic functions
\@emptytoks=\toks16
\ex@=\dimen135
)) (/usr/share/texlive/texmf-dist/tex/latex/amsmath/amsbsy.sty
Package: amsbsy 1999/11/29 v1.2d Bold Symbols
\pmbraise@=\dimen136
) (/usr/share/texlive/texmf-dist/tex/latex/amsmath/amsopn.sty
Package: amsopn 2016/03/08 v2.02 operator names
)
\inf@bad=\count175
LaTeX Info: Redefining \frac on input line 227.
\uproot@=\count176
\leftroot@=\count177
LaTeX Info: Redefining \overline on input line 389.
\classnum@=\count178
\DOTSCASE@=\count179
LaTeX Info: Redefining \ldots on input line 486.
LaTeX Info: Redefining \dots on input line 489.
LaTeX Info: Redefining \cdots on input line 610.
\Mathstrutbox@=\box45
\strutbox@=\box46
\big@size=\dimen137
LaTeX Font Info:    Redeclaring font encoding OML on input line 733.
LaTeX Font Info:    Redeclaring font encoding OMS on input line 734.
\macc@depth=\count180
\c@MaxMatrixCols=\count181
\dotsspace@=\muskip16
\c@parentequation=\count182
\dspbrk@lvl=\count183
\tag@help=\toks17
\row@=\count184
\column@=\count185
\maxfields@=\count186
\andhelp@=\toks18
\eqnshift@=\dimen138
\alignsep@=\dimen139
\tagshift@=\dimen140
\tagwidth@=\dimen141
\totwidth@=\dimen142
\lineht@=\dimen143
\@envbody=\toks19
\multlinegap=\skip50
\multlinetaggap=\skip51
\mathdisplay@stack=\toks20
LaTeX Info: Redefining \[ on input line 2859.
LaTeX Info: Redefining \] on input line 2860.
) (/usr/share/texlive/texmf-dist/tex/latex/amsfonts/amsfonts.sty
Package: amsfonts 2013/01/14 v3.01 Basic AMSFonts support
\symAMSa=\mathgroup4
\symAMSb=\mathgroup5
LaTeX Font Info:    Redeclaring math symbol \hbar on input line 98.
LaTeX Font Info:    Overwriting math alphabet `\mathfrak' in version `bold'
(Font)                  U/euf/m/n --> U/euf/b/n on input line 106.
) (/usr/share/texlive/texmf-dist/tex/latex/amsfonts/amssymb.sty
Package: amssymb 2013/01/14 v3.01 AMS font symbols
) (/usr/share/texlive/texmf-dist/tex/latex/graphics/graphicx.sty
Package: graphicx 2019/11/30 v1.2a Enhanced LaTeX Graphics (DPC,SPQR)
 (/usr/share/texlive/texmf-dist/tex/latex/graphics/keyval.sty
Package: keyval 2014/10/28 v1.15 key=value parser (DPC)
\KV@toks@=\toks21
) (/usr/share/texlive/texmf-dist/tex/latex/graphics/graphics.sty
Package: graphics 2019/11/30 v1.4a Standard LaTeX Graphics (DPC,SPQR)
 (/usr/share/texlive/texmf-dist/tex/latex/graphics/trig.sty
Package: trig 2016/01/03 v1.10 sin cos tan (DPC)
) (/usr/share/texlive/texmf-dist/tex/latex/graphics-cfg/graphics.cfg
File: graphics.cfg 2016/06/04 v1.11 sample graphics configuration
)
Package graphics Info: Driver file: pdftex.def on input line 105.
 (/usr/share/texlive/texmf-dist/tex/latex/graphics-def/pdftex.def
File: pdftex.def 2018/01/08 v1.0l Graphics/color driver for pdftex
))
\Gin@req@height=\dimen144
\Gin@req@width=\dimen145
) (/usr/share/texlive/texmf-dist/tex/latex/hyperref/hyperref.sty
Package: hyperref 2020/01/14 v7.00d Hypertext links for LaTeX
 (/usr/share/texlive/texmf-dist/tex/generic/ltxcmds/ltxcmds.sty
Package: ltxcmds 2019/12/15 v1.24 LaTeX kernel commands for general use (HO)
) (/usr/share/texlive/texmf-dist/tex/generic/iftex/iftex.sty
Package: iftex 2019/11/07 v1.0c TeX engine tests
) (/usr/share/texlive/texmf-dist/tex/latex/pdftexcmds/pdftexcmds.sty
Package: pdftexcmds 2019/11/24 v0.31 Utility functions of pdfTeX for LuaTeX (HO)
 (/usr/share/texlive/texmf-dist/tex/generic/infwarerr/infwarerr.sty
Package: infwarerr 2019/12/03 v1.5 Providing info/warning/error messages (HO)
)
Package pdftexcmds Info: \pdf@primitive is available.
Package pdftexcmds Info: \pdf@ifprimitive is available.
Package pdftexcmds Info: \pdfdraftmode found.
) (/usr/share/texlive/texmf-dist/tex/generic/kvsetkeys/kvsetkeys.sty
Package: kvsetkeys 2019/12/15 v1.18 Key value parser (HO)
) (/usr/share/texlive/texmf-dist/tex/generic/kvdefinekeys/kvdefinekeys.sty
Package: kvdefinekeys 2019-12-19 v1.6 Define keys (HO)
) (/usr/share/texlive/texmf-dist/tex/generic/pdfescape/pdfescape.sty
Package: pdfescape 2019/12/09 v1.15 Implements pdfTeX's escape features (HO)
) (/usr/share/texlive/texmf-dist/tex/latex/hycolor/hycolor.sty
Package: hycolor 2020-01-27 v1.10 Color options for hyperref/bookmark (HO)
) (/usr/share/texlive/texmf-dist/tex/latex/letltxmacro/letltxmacro.sty
Package: letltxmacro 2019/12/03 v1.6 Let assignment for LaTeX macros (HO)
) (/usr/share/texlive/texmf-dist/tex/latex/auxhook/auxhook.sty
Package: auxhook 2019-12-17 v1.6 Hooks for auxiliary files (HO)
) (/usr/share/texlive/texmf-dist/tex/latex/kvoptions/kvoptions.sty
Package: kvoptions 2019/11/29 v3.13 Key value format for package options (HO)
)
\@linkdim=\dimen146
\Hy@linkcounter=\count187
\Hy@pagecounter=\count188
 (/usr/share/texlive/texmf-dist/tex/latex/hyperref/pd1enc.def
File: pd1enc.def 2020/01/14 v7.00d Hyperref: PDFDocEncoding definition (HO)
Now handling font encoding PD1 ...
... no UTF-8 mapping file for font encoding PD1
) (/usr/share/texlive/texmf-dist/tex/generic/intcalc/intcalc.sty
Package: intcalc 2019/12/15 v1.3 Expandable calculations with integers (HO)
) (/usr/share/texlive/texmf-dist/tex/generic/etexcmds/etexcmds.sty
Package: etexcmds 2019/12/15 v1.7 Avoid name clashes with e-TeX commands (HO)
)
\Hy@SavedSpaceFactor=\count189
\pdfmajorversion=\count190
Package hyperref Info: Hyper figures OFF on input line 4547.
Package hyperref Info: Link nesting OFF on input line 4552.
Package hyperref Info: Hyper index ON on input line 4555.
Package hyperref Info: Plain pages OFF on input line 4562.
Package hyperref Info: Backreferencing OFF on input line 4567.
Package hyperref Info: Implicit mode ON; LaTeX internals redefined.
Package hyperref Info: Bookmarks ON on input line 4800.
\c@Hy@tempcnt=\count191
 (/usr/share/texlive/texmf-dist/tex/latex/url/url.sty
\Urlmuskip=\muskip17
Package: url 2013/09/16  ver 3.4  Verb mode for urls, etc.
)
LaTeX Info: Redefining \url on input line 5159.
\XeTeXLinkMargin=\dimen147
 (/usr/share/texlive/texmf-dist/tex/generic/bitset/bitset.sty
Package: bitset 2019/12/09 v1.3 Handle bit-vector datatype (HO)
 (/usr/share/texlive/texmf-dist/tex/generic/bigintcalc/bigintcalc.sty
Package: bigintcalc 2019/12/15 v1.5 Expandable calculations on big integers (HO)
))
\Fld@menulength=\count192
\Field@Width=\dimen148
\Fld@charsize=\dimen149
Package hyperref Info: Hyper figures OFF on input line 6430.
Package hyperref Info: Link nesting OFF on input line 6435.
Package hyperref Info: Hyper index ON on input line 6438.
Package hyperref Info: backreferencing OFF on input line 6445.
Package hyperref Info: Link coloring OFF on input line 6450.
Package hyperref Info: Link coloring with OCG OFF on input line 6455.
Package hyperref Info: PDF/A mode OFF on input line 6460.
LaTeX Info: Redefining \ref on input line 6500.
LaTeX Info: Redefining \pageref on input line 6504.
 (/usr/share/texlive/texmf-dist/tex/generic/atbegshi/atbegshi.sty
Package: atbegshi 2019/12/05 v1.19 At begin shipout hook (HO)
)
\Hy@abspage=\count193
\c@Item=\count194
\c@Hfootnote=\count195
)
Package hyperref Info: Driver (autodetected): hpdftex.
 (/usr/share/texlive/texmf-dist/tex/latex/hyperref/hpdftex.def
File: hpdftex.def 2020/01/14 v7.00d Hyperref driver for pdfTeX
 (/usr/share/texlive/texmf-dist/tex/latex/atveryend/atveryend.sty
Package: atveryend 2019-12-11 v1.11 Hooks at the very end of document (HO)
Package atveryend Info: \enddocument detected (standard20110627).
)
\Fld@listcount=\count196
\c@bookmark@seq@number=\count197
 (/usr/share/texlive/texmf-dist/tex/latex/rerunfilecheck/rerunfilecheck.sty
Package: rerunfilecheck 2019/12/05 v1.9 Rerun checks for auxiliary files (HO)
 (/usr/share/texlive/texmf-dist/tex/generic/uniquecounter/uniquecounter.sty
Package: uniquecounter 2019/12/15 v1.4 Provide unlimited unique counter (HO)
)
Package uniquecounter Info: New unique counter `rerunfilecheck' on input line 286.
)
\Hy@SectionHShift=\skip52
) (/usr/share/texlive/texmf-dist/tex/latex/geometry/geometry.sty
Package: geometry 2020/01/02 v5.9 Page Geometry
 (/usr/share/texlive/texmf-dist/tex/generic/iftex/ifvtex.sty
Package: ifvtex 2019/10/25 v1.7 ifvtex legacy package. Use iftex instead.
)
\Gm@cnth=\count198
\Gm@cntv=\count199
\c@Gm@tempcnt=\count266
\Gm@bindingoffset=\dimen150
\Gm@wd@mp=\dimen151
\Gm@odd@mp=\dimen152
\Gm@even@mp=\dimen153
\Gm@layoutwidth=\dimen154
\Gm@layoutheight=\dimen155
\Gm@layouthoffset=\dimen156
\Gm@layoutvoffset=\dimen157
\Gm@dimlist=\toks22
) (/usr/share/texlive/texmf-dist/tex/latex/booktabs/booktabs.sty
Package: booktabs 2020/01/12 v1.61803398 Publication quality tables
\heavyrulewidth=\dimen158
\lightrulewidth=\dimen159
\cmidrulewidth=\dimen160
\belowrulesep=\dimen161
\belowbottomsep=\dimen162
\aboverulesep=\dimen163
\abovetopsep=\dimen164
\cmidrulesep=\dimen165
\cmidrulekern=\dimen166
\defaultaddspace=\dimen167
\@cmidla=\count267
\@cmidlb=\count268
\@aboverulesep=\dimen168
\@belowrulesep=\dimen169
\@thisruleclass=\count269
\@lastruleclass=\count270
\@thisrulewidth=\dimen170
) (/usr/share/texlive/texmf-dist/tex/latex/caption/subcaption.sty
Package: subcaption 2020/01/22 v1.3d Sub-captions (AR)
 (/usr/share/texlive/texmf-dist/tex/latex/caption/caption.sty
Package: caption 2020/01/03 v3.4h Customizing captions (AR)
 (/usr/share/texlive/texmf-dist/tex/latex/caption/caption3.sty
Package: caption3 2020/01/03 v1.8h caption3 kernel (AR)
Package caption3 Info: TeX engine: e-TeX on input line 61.
\captionmargin=\dimen171
\captionmargin@=\dimen172
\captionwidth=\dimen173
\caption@tempdima=\dimen174
\caption@indent=\dimen175
\caption@parindent=\dimen176
\caption@hangindent=\dimen177
Package caption Info: Standard document class detected.
)
\c@caption@flags=\count271
\c@continuedfloat=\count272
Package caption Info: hyperref package is loaded.
)
\c@subfigure=\count273
\c@subtable=\count274
) (/usr/share/texlive/texmf-dist/tex/latex/float/float.sty
Package: float 2001/11/08 v1.3d Float enhancements (AL)
\c@float@type=\count275
\float@exts=\toks23
\float@box=\box47
\@float@everytoks=\toks24
\@floatcapt=\box48
) (/usr/share/texlive/texmf-dist/tex/latex/tools/tabularx.sty
Package: tabularx 2020/01/15 v2.11c `tabularx' package (DPC)
 (/usr/share/texlive/texmf-dist/tex/latex/tools/array.sty
Package: array 2019/08/31 v2.4l Tabular extension package (FMi)
\col@sep=\dimen178
\ar@mcellbox=\box49
\extrarowheight=\dimen179
\NC@list=\toks25
\extratabsurround=\skip53
\backup@length=\skip54
\ar@cellbox=\box50
)
\TX@col@width=\dimen180
\TX@old@table=\dimen181
\TX@old@col=\dimen182
\TX@target=\dimen183
\TX@delta=\dimen184
\TX@cols=\count276
\TX@ftn=\toks26
) (/usr/share/texlive/texmf-dist/tex/latex/l3backend/l3backend-pdfmode.def
File: l3backend-pdfmode.def 2020-02-03 L3 backend support: PDF mode
\l__kernel_color_stack_int=\count277
\l__pdf_internal_box=\box51
) (/home/student/Documents/IA/Tema2/AppliedML.aux)
\openout1 = `AppliedML.aux'.

LaTeX Font Info:    Checking defaults for OML/cmm/m/it on input line 25.
LaTeX Font Info:    ... okay on input line 25.
LaTeX Font Info:    Checking defaults for OMS/cmsy/m/n on input line 25.
LaTeX Font Info:    ... okay on input line 25.
LaTeX Font Info:    Checking defaults for OT1/cmr/m/n on input line 25.
LaTeX Font Info:    ... okay on input line 25.
LaTeX Font Info:    Checking defaults for T1/cmr/m/n on input line 25.
LaTeX Font Info:    ... okay on input line 25.
LaTeX Font Info:    Checking defaults for TS1/cmr/m/n on input line 25.
LaTeX Font Info:    ... okay on input line 25.
LaTeX Font Info:    Checking defaults for OMX/cmex/m/n on input line 25.
LaTeX Font Info:    ... okay on input line 25.
LaTeX Font Info:    Checking defaults for U/cmr/m/n on input line 25.
LaTeX Font Info:    ... okay on input line 25.
LaTeX Font Info:    Checking defaults for PD1/pdf/m/n on input line 25.
LaTeX Font Info:    ... okay on input line 25.
 (/usr/share/texlive/texmf-dist/tex/context/base/mkii/supp-pdf.mkii
[Loading MPS to PDF converter (version 2006.09.02).]
\scratchcounter=\count278
\scratchdimen=\dimen185
\scratchbox=\box52
\nofMPsegments=\count279
\nofMParguments=\count280
\everyMPshowfont=\toks27
\MPscratchCnt=\count281
\MPscratchDim=\dimen186
\MPnumerator=\count282
\makeMPintoPDFobject=\count283
\everyMPtoPDFconversion=\toks28
) (/usr/share/texlive/texmf-dist/tex/latex/epstopdf-pkg/epstopdf-base.sty
Package: epstopdf-base 2020-01-24 v2.11 Base part for package epstopdf
Package epstopdf-base Info: Redefining graphics rule for `.eps' on input line 485.
 (/usr/share/texlive/texmf-dist/tex/latex/latexconfig/epstopdf-sys.cfg
File: epstopdf-sys.cfg 2010/07/13 v1.3 Configuration of (r)epstopdf for TeX Live
))
\AtBeginShipoutBox=\box53
Package hyperref Info: Link coloring OFF on input line 25.
 (/usr/share/texlive/texmf-dist/tex/latex/hyperref/nameref.sty
Package: nameref 2019/09/16 v2.46 Cross-referencing by name of section
 (/usr/share/texlive/texmf-dist/tex/latex/refcount/refcount.sty
Package: refcount 2019/12/15 v3.6 Data extraction from label references (HO)
) (/usr/share/texlive/texmf-dist/tex/generic/gettitlestring/gettitlestring.sty
Package: gettitlestring 2019/12/15 v1.6 Cleanup title references (HO)
)
\c@section@level=\count284
)
LaTeX Info: Redefining \ref on input line 25.
LaTeX Info: Redefining \pageref on input line 25.
LaTeX Info: Redefining \nameref on input line 25.
 (/home/student/Documents/IA/Tema2/AppliedML.out) (/home/student/Documents/IA/Tema2/AppliedML.out)
\@outlinefile=\write3
\openout3 = `AppliedML.out'.


*geometry* driver: auto-detecting
*geometry* detected driver: pdftex
*geometry* verbose mode - [ preamble ] result:
* driver: pdftex
* paper: a4paper
* layout: <same size as paper>
* layoutoffset:(h,v)=(0.0pt,0.0pt)
* modes: 
* h-part:(L,W,R)=(72.26999pt, 452.9679pt, 72.26999pt)
* v-part:(T,H,B)=(72.26999pt, 700.50687pt, 72.26999pt)
* \paperwidth=597.50787pt
* \paperheight=845.04684pt
* \textwidth=452.9679pt
* \textheight=700.50687pt
* \oddsidemargin=0.0pt
* \evensidemargin=0.0pt
* \topmargin=-37.0pt
* \headheight=12.0pt
* \headsep=25.0pt
* \topskip=12.0pt
* \footskip=30.0pt
* \marginparwidth=35.0pt
* \marginparsep=10.0pt
* \columnsep=10.0pt
* \skip\footins=10.8pt plus 4.0pt minus 2.0pt
* \hoffset=0.0pt
* \voffset=0.0pt
* \mag=1000
* \@twocolumnfalse
* \@twosidefalse
* \@mparswitchfalse
* \@reversemarginfalse
* (1in=72.27pt=25.4mm, 1cm=28.453pt)

Package caption Info: Begin \AtBeginDocument code.
Package caption Info: float package is loaded.
Package caption Info: End \AtBeginDocument code.
LaTeX Font Info:    Trying to load font information for U+msa on input line 28.
(/usr/share/texlive/texmf-dist/tex/latex/amsfonts/umsa.fd
File: umsa.fd 2013/01/14 v3.01 AMS symbols A
)
LaTeX Font Info:    Trying to load font information for U+msb on input line 28.
 (/usr/share/texlive/texmf-dist/tex/latex/amsfonts/umsb.fd
File: umsb.fd 2013/01/14 v3.01 AMS symbols B
) [1

{/var/lib/texmf/fonts/map/pdftex/updmap/pdftex.map}] (/home/student/Documents/IA/Tema2/AppliedML.toc [2])
\tf@toc=\write4
\openout4 = `AppliedML.toc'.

 [3]
Overfull \hbox (48.7239pt too wide) in paragraph at lines 51--69
 [][] 
 []

[4] [5] [6]
Underfull \hbox (badness 10000) in paragraph at lines 173--173
[]|\OT1/cmr/bx/n/10.95 No-
 []


Overfull \hbox (2.10577pt too wide) in paragraph at lines 173--173
[]|\OT1/cmr/bx/n/10.95 Mean| 
 []


Underfull \hbox (badness 10000) in paragraph at lines 173--173
[]|\OT1/cmr/bx/n/10.95 Std
 []


Underfull \hbox (badness 10000) in paragraph at lines 173--173
[]|\OT1/cmr/bx/n/10.95 25th
 []


Underfull \hbox (badness 10000) in paragraph at lines 173--173
[]|\OT1/cmr/bx/n/10.95 75th
 []


Overfull \hbox (1.68016pt too wide) in paragraph at lines 173--173
[]|\OT1/cmr/m/n/10.95 106.15| 
 []


Overfull \hbox (1.68016pt too wide) in paragraph at lines 173--173
[]|\OT1/cmr/m/n/10.95 114.09| 
 []


Overfull \hbox (1.68016pt too wide) in paragraph at lines 173--173
[]|\OT1/cmr/m/n/10.95 271.74| 
 []


Overfull \hbox (1.68016pt too wide) in paragraph at lines 173--173
[]|\OT1/cmr/m/n/10.95 134.00| 
 []


Overfull \hbox (1.68016pt too wide) in paragraph at lines 173--173
[]|\OT1/cmr/m/n/10.95 323.52| 
 []


Overfull \hbox (1.68016pt too wide) in paragraph at lines 173--173
[]|\OT1/cmr/m/n/10.95 101.58| 
 []


Overfull \hbox (1.68016pt too wide) in paragraph at lines 173--173
[]|\OT1/cmr/m/n/10.95 104.83| 
 []


Overfull \hbox (1.68016pt too wide) in paragraph at lines 173--173
[]|\OT1/cmr/m/n/10.95 254.65| 
 []


Overfull \hbox (1.68016pt too wide) in paragraph at lines 173--173
[]|\OT1/cmr/m/n/10.95 301.03| 
 []


Overfull \hbox (1.68016pt too wide) in paragraph at lines 173--173
[]|\OT1/cmr/m/n/10.95 362.82| 
 []


Overfull \hbox (1.68016pt too wide) in paragraph at lines 173--173
[]|\OT1/cmr/m/n/10.95 756.81| 
 []


Overfull \hbox (1.68016pt too wide) in paragraph at lines 173--173
[]|\OT1/cmr/m/n/10.95 134.78| 
 []


Overfull \hbox (1.68016pt too wide) in paragraph at lines 173--173
[]|\OT1/cmr/m/n/10.95 136.37| 
 []


Overfull \hbox (1.68016pt too wide) in paragraph at lines 173--173
[]|\OT1/cmr/m/n/10.95 172.51| 
 []


Overfull \hbox (1.68016pt too wide) in paragraph at lines 173--173
[]|\OT1/cmr/m/n/10.95 266.99| 
 []


Underfull \hbox (badness 10000) in paragraph at lines 205--205
[]|\OT1/cmr/bx/n/10.95 No-
 []


Underfull \hbox (badness 10000) in paragraph at lines 205--205
[]|\OT1/cmr/bx/n/10.95 Std
 []


Underfull \hbox (badness 10000) in paragraph at lines 205--205
[]|\OT1/cmr/bx/n/10.95 25th
 []


Underfull \hbox (badness 10000) in paragraph at lines 205--205
[]|\OT1/cmr/bx/n/10.95 75th
 []


Overfull \hbox (5.2843pt too wide) in paragraph at lines 205--205
[]|\OT1/cmr/m/n/10.95 190352.9| 
 []


Overfull \hbox (5.2843pt too wide) in paragraph at lines 205--205
[]|\OT1/cmr/m/n/10.95 106070.8| 
 []


Overfull \hbox (5.2843pt too wide) in paragraph at lines 205--205
[]|\OT1/cmr/m/n/10.95 118282.5| 
 []


Overfull \hbox (2.24263pt too wide) in paragraph at lines 205--205
[]|\OT1/cmr/m/n/10.95 1455435| 
 []


Overfull \hbox (5.2843pt too wide) in paragraph at lines 205--205
[]|\OT1/cmr/m/n/10.95 14007.60| 
 []


Overfull \hbox (5.2843pt too wide) in paragraph at lines 205--205
[]|\OT1/cmr/m/n/10.95 200125.0| 
 []

[7] [8]
<Resources/Boxplot_analysis_results.jpeg, id=338, 1002.74625pt x 602.25pt>
File: Resources/Boxplot_analysis_results.jpeg Graphic file (type jpg)
<use Resources/Boxplot_analysis_results.jpeg>
Package pdftex.def Info: Resources/Boxplot_analysis_results.jpeg  used on input line 231.
(pdftex.def)             Requested size: 203.83417pt x 122.42361pt.
<Resources/Boxplot_biological_index.jpeg, id=339, 999.735pt x 606.265pt>
File: Resources/Boxplot_biological_index.jpeg Graphic file (type jpg)
<use Resources/Boxplot_biological_index.jpeg>
Package pdftex.def Info: Resources/Boxplot_biological_index.jpeg  used on input line 238.
(pdftex.def)             Requested size: 203.83417pt x 123.60982pt.
<Resources/Boxplot_blood_sugar_level.jpeg, id=340, 1000.73875pt x 602.25pt>
File: Resources/Boxplot_blood_sugar_level.jpeg Graphic file (type jpg)
<use Resources/Boxplot_blood_sugar_level.jpeg>
Package pdftex.def Info: Resources/Boxplot_blood_sugar_level.jpeg  used on input line 247.
(pdftex.def)             Requested size: 203.83417pt x 122.66255pt.
<Resources/Boxplot_body_mass_indicator.jpeg, id=341, 1000.73875pt x 600.2425pt>
File: Resources/Boxplot_body_mass_indicator.jpeg Graphic file (type jpg)
<use Resources/Boxplot_body_mass_indicator.jpeg>
Package pdftex.def Info: Resources/Boxplot_body_mass_indicator.jpeg  used on input line 254.
(pdftex.def)             Requested size: 203.83417pt x 122.25368pt.
<Resources/Boxplot_years_old.jpeg, id=342, 1003.75pt x 601.24625pt>
File: Resources/Boxplot_years_old.jpeg Graphic file (type jpg)
<use Resources/Boxplot_years_old.jpeg>
Package pdftex.def Info: Resources/Boxplot_years_old.jpeg  used on input line 263.
(pdftex.def)             Requested size: 203.83417pt x 122.09114pt.
 [9 </home/student/Documents/IA/Tema2/Resources/Boxplot_analysis_results.jpeg> </home/student/Documents/IA/Tema2/Resources/Boxplot_biological_index.jpeg> </home/student/Documents/IA/Tema2/Resources/Boxplot_blood_sugar_level.jpeg> </home/student/Documents/IA/Tema2/Resources/Boxplot_body_mass_indicator.jpeg> </home/student/Documents/IA/Tema2/Resources/Boxplot_years_old.jpeg>]
<Resources/Boxplot_fnl.jpeg, id=348, 997.7275pt x 603.25375pt>
File: Resources/Boxplot_fnl.jpeg Graphic file (type jpg)
<use Resources/Boxplot_fnl.jpeg>
Package pdftex.def Info: Resources/Boxplot_fnl.jpeg  used on input line 278.
(pdftex.def)             Requested size: 203.83417pt x 123.24438pt.
<Resources/Boxplot_edu_int.jpeg, id=349, 1007.765pt x 604.2575pt>
File: Resources/Boxplot_edu_int.jpeg Graphic file (type jpg)
<use Resources/Boxplot_edu_int.jpeg>
Package pdftex.def Info: Resources/Boxplot_edu_int.jpeg  used on input line 285.
(pdftex.def)             Requested size: 203.83417pt x 122.21394pt.
<Resources/Boxplot_years.jpeg, id=350, 1006.76125pt x 603.25375pt>
File: Resources/Boxplot_years.jpeg Graphic file (type jpg)
<use Resources/Boxplot_years.jpeg>
Package pdftex.def Info: Resources/Boxplot_years.jpeg  used on input line 294.
(pdftex.def)             Requested size: 203.83417pt x 122.1306pt.
<Resources/Boxplot_gain.jpeg, id=351, 1004.75375pt x 604.2575pt>
File: Resources/Boxplot_gain.jpeg Graphic file (type jpg)
<use Resources/Boxplot_gain.jpeg>
Package pdftex.def Info: Resources/Boxplot_gain.jpeg  used on input line 301.
(pdftex.def)             Requested size: 203.83417pt x 122.58275pt.
<Resources/Boxplot_loss.jpeg, id=352, 1004.75375pt x 606.265pt>
File: Resources/Boxplot_loss.jpeg Graphic file (type jpg)
<use Resources/Boxplot_loss.jpeg>
Package pdftex.def Info: Resources/Boxplot_loss.jpeg  used on input line 310.
(pdftex.def)             Requested size: 203.83417pt x 122.99pt.
<Resources/Boxplot_prod.jpeg, id=353, 1002.74625pt x 605.26125pt>
File: Resources/Boxplot_prod.jpeg Graphic file (type jpg)
<use Resources/Boxplot_prod.jpeg>
Package pdftex.def Info: Resources/Boxplot_prod.jpeg  used on input line 317.
(pdftex.def)             Requested size: 203.83417pt x 123.03574pt.
 [10 </home/student/Documents/IA/Tema2/Resources/Boxplot_fnl.jpeg> </home/student/Documents/IA/Tema2/Resources/Boxplot_edu_int.jpeg> </home/student/Documents/IA/Tema2/Resources/Boxplot_years.jpeg> </home/student/Documents/IA/Tema2/Resources/Boxplot_gain.jpeg> </home/student/Documents/IA/Tema2/Resources/Boxplot_loss.jpeg> </home/student/Documents/IA/Tema2/Resources/Boxplot_prod.jpeg>]
Underfull \hbox (badness 5696) in paragraph at lines 350--350
[]|\OT1/cmr/bx/n/10.95 Number of Non-Missing
 []

[11]
Overfull \hbox (10.48645pt too wide) in paragraph at lines 381--382
\OT1/cmr/m/n/12 The health-care dataset in-cludes sev-eral cat-e-gor-i-cal at-tributes such as `car-dio-vas-cu-lar[]issues`,
 []

<Resources/histogram_cardio_issues.jpeg, id=365, 803.0pt x 601.24625pt>
File: Resources/histogram_cardio_issues.jpeg Graphic file (type jpg)
<use Resources/histogram_cardio_issues.jpeg>
Package pdftex.def Info: Resources/histogram_cardio_issues.jpeg  used on input line 390.
(pdftex.def)             Requested size: 362.37569pt x 271.33812pt.
<Resources/histogram_chaotic_sleep.jpeg, id=366, 800.9925pt x 604.2575pt>
File: Resources/histogram_chaotic_sleep.jpeg Graphic file (type jpg)
<use Resources/histogram_chaotic_sleep.jpeg>
Package pdftex.def Info: Resources/histogram_chaotic_sleep.jpeg  used on input line 396.
(pdftex.def)             Requested size: 362.37569pt x 273.37015pt.
[12 </home/student/Documents/IA/Tema2/Resources/histogram_cardio_issues.jpeg>]
<Resources/histogram_high_blood_pressure.jpeg, id=372, 804.00375pt x 600.2425pt>
File: Resources/histogram_high_blood_pressure.jpeg Graphic file (type jpg)
<use Resources/histogram_high_blood_pressure.jpeg>
Package pdftex.def Info: Resources/histogram_high_blood_pressure.jpeg  used on input line 402.
(pdftex.def)             Requested size: 362.37569pt x 270.5371pt.
<Resources/histogram_job_cat.jpeg, id=373, 801.99625pt x 603.25375pt>
File: Resources/histogram_job_cat.jpeg Graphic file (type jpg)
<use Resources/histogram_job_cat.jpeg>
Package pdftex.def Info: Resources/histogram_job_cat.jpeg  used on input line 408.
(pdftex.def)             Requested size: 362.37569pt x 272.57547pt.
 [13 </home/student/Documents/IA/Tema2/Resources/histogram_chaotic_sleep.jpeg> </home/student/Documents/IA/Tema2/Resources/histogram_high_blood_pressure.jpeg>]
<Resources/histogram_living_area.jpeg, id=381, 800.9925pt x 603.25375pt>
File: Resources/histogram_living_area.jpeg Graphic file (type jpg)
<use Resources/histogram_living_area.jpeg>
Package pdftex.def Info: Resources/histogram_living_area.jpeg  used on input line 414.
(pdftex.def)             Requested size: 362.37569pt x 272.91605pt.
<Resources/histogram_married.jpeg, id=382, 800.9925pt x 606.265pt>
File: Resources/histogram_married.jpeg Graphic file (type jpg)
<use Resources/histogram_married.jpeg>
Package pdftex.def Info: Resources/histogram_married.jpeg  used on input line 420.
(pdftex.def)             Requested size: 362.37569pt x 274.27837pt.
 [14 </home/student/Documents/IA/Tema2/Resources/histogram_job_cat.jpeg> </home/student/Documents/IA/Tema2/Resources/histogram_living_area.jpeg>]
<Resources/histogram_sex.jpeg, id=389, 801.99625pt x 608.2725pt>
File: Resources/histogram_sex.jpeg Graphic file (type jpg)
<use Resources/histogram_sex.jpeg>
Package pdftex.def Info: Resources/histogram_sex.jpeg  used on input line 426.
(pdftex.def)             Requested size: 362.37569pt x 274.84315pt.
<Resources/histogram_tobacco_usage.jpeg, id=390, 803.0pt x 604.2575pt>
File: Resources/histogram_tobacco_usage.jpeg Graphic file (type jpg)
<use Resources/histogram_tobacco_usage.jpeg>
Package pdftex.def Info: Resources/histogram_tobacco_usage.jpeg  used on input line 432.
(pdftex.def)             Requested size: 362.37569pt x 272.69708pt.
 [15 </home/student/Documents/IA/Tema2/Resources/histogram_married.jpeg> </home/student/Documents/IA/Tema2/Resources/histogram_sex.jpeg>]
<Resources/histogram_country.jpeg, id=397, 805.0075pt x 600.2425pt>
File: Resources/histogram_country.jpeg Graphic file (type jpg)
<use Resources/histogram_country.jpeg>
Package pdftex.def Info: Resources/histogram_country.jpeg  used on input line 439.
(pdftex.def)             Requested size: 362.37569pt x 270.19821pt.
<Resources/histogram_edu.jpeg, id=398, 801.99625pt x 606.265pt>
File: Resources/histogram_edu.jpeg Graphic file (type jpg)
<use Resources/histogram_edu.jpeg>
Package pdftex.def Info: Resources/histogram_edu.jpeg  used on input line 445.
(pdftex.def)             Requested size: 362.37569pt x 273.93608pt.
 [16 </home/student/Documents/IA/Tema2/Resources/histogram_tobacco_usage.jpeg> </home/student/Documents/IA/Tema2/Resources/histogram_country.jpeg>]
<Resources/histogram_gender.jpeg, id=405, 800.9925pt x 602.25pt>
File: Resources/histogram_gender.jpeg Graphic file (type jpg)
<use Resources/histogram_gender.jpeg>
Package pdftex.def Info: Resources/histogram_gender.jpeg  used on input line 451.
(pdftex.def)             Requested size: 362.37569pt x 272.46194pt.
<Resources/histogram_gtype.jpeg, id=406, 803.0pt x 603.25375pt>
File: Resources/histogram_gtype.jpeg Graphic file (type jpg)
<use Resources/histogram_gtype.jpeg>
Package pdftex.def Info: Resources/histogram_gtype.jpeg  used on input line 457.
(pdftex.def)             Requested size: 362.37569pt x 272.2441pt.
 [17 </home/student/Documents/IA/Tema2/Resources/histogram_edu.jpeg> </home/student/Documents/IA/Tema2/Resources/histogram_gender.jpeg>]
<Resources/histogram_job.jpeg, id=413, 807.015pt x 599.23875pt>
File: Resources/histogram_job.jpeg Graphic file (type jpg)
<use Resources/histogram_job.jpeg>
Package pdftex.def Info: Resources/histogram_job.jpeg  used on input line 463.
(pdftex.def)             Requested size: 362.37569pt x 269.07889pt.
<Resources/histogram_partner.jpeg, id=414, 806.01125pt x 605.26125pt>
File: Resources/histogram_partner.jpeg Graphic file (type jpg)
<use Resources/histogram_partner.jpeg>
Package pdftex.def Info: Resources/histogram_partner.jpeg  used on input line 469.
(pdftex.def)             Requested size: 362.37569pt x 272.11568pt.
 [18 </home/student/Documents/IA/Tema2/Resources/histogram_gtype.jpeg> </home/student/Documents/IA/Tema2/Resources/histogram_job.jpeg>]
<Resources/histogram_race.jpeg, id=421, 804.00375pt x 604.2575pt>
File: Resources/histogram_race.jpeg Graphic file (type jpg)
<use Resources/histogram_race.jpeg>
Package pdftex.def Info: Resources/histogram_race.jpeg  used on input line 475.
(pdftex.def)             Requested size: 362.37569pt x 272.34671pt.
<Resources/histogram_relation.jpeg, id=422, 800.9925pt x 605.26125pt>
File: Resources/histogram_relation.jpeg Graphic file (type jpg)
<use Resources/histogram_relation.jpeg>
Package pdftex.def Info: Resources/histogram_relation.jpeg  used on input line 481.
(pdftex.def)             Requested size: 362.37569pt x 273.82425pt.
 [19 </home/student/Documents/IA/Tema2/Resources/histogram_partner.jpeg> </home/student/Documents/IA/Tema2/Resources/histogram_race.jpeg>]
<Resources/histogram_work_type.jpeg, id=430, 801.99625pt x 603.25375pt>
File: Resources/histogram_work_type.jpeg Graphic file (type jpg)
<use Resources/histogram_work_type.jpeg>
Package pdftex.def Info: Resources/histogram_work_type.jpeg  used on input line 487.
(pdftex.def)             Requested size: 362.37569pt x 272.57547pt.
 [20 </home/student/Documents/IA/Tema2/Resources/histogram_relation.jpeg> </home/student/Documents/IA/Tema2/Resources/histogram_work_type.jpeg>]
<Resources/class_balance_avc_test.jpeg, id=437, 1001.7425pt x 607.26875pt>
File: Resources/class_balance_avc_test.jpeg Graphic file (type jpg)
<use Resources/class_balance_avc_test.jpeg>
Package pdftex.def Info: Resources/class_balance_avc_test.jpeg  used on input line 499.
(pdftex.def)             Requested size: 362.37569pt x 219.67293pt.
<Resources/class_balance_avc_train.jpeg, id=438, 1002.74625pt x 605.26125pt>
File: Resources/class_balance_avc_train.jpeg Graphic file (type jpg)
<use Resources/class_balance_avc_train.jpeg>
Package pdftex.def Info: Resources/class_balance_avc_train.jpeg  used on input line 505.
(pdftex.def)             Requested size: 362.37569pt x 218.7343pt.
 [21 </home/student/Documents/IA/Tema2/Resources/class_balance_avc_test.jpeg> </home/student/Documents/IA/Tema2/Resources/class_balance_avc_train.jpeg>]
<Resources/class_balance_salary_test.jpeg, id=445, 999.735pt x 603.25375pt>
File: Resources/class_balance_salary_test.jpeg Graphic file (type jpg)
<use Resources/class_balance_salary_test.jpeg>
Package pdftex.def Info: Resources/class_balance_salary_test.jpeg  used on input line 515.
(pdftex.def)             Requested size: 362.37569pt x 218.66237pt.
<Resources/class_balance_salary_train.jpeg, id=446, 1003.75pt x 603.25375pt>
File: Resources/class_balance_salary_train.jpeg Graphic file (type jpg)
<use Resources/class_balance_salary_train.jpeg>
Package pdftex.def Info: Resources/class_balance_salary_train.jpeg  used on input line 521.
(pdftex.def)             Requested size: 362.37569pt x 217.7879pt.
 [22 </home/student/Documents/IA/Tema2/Resources/class_balance_salary_test.jpeg> </home/student/Documents/IA/Tema2/Resources/class_balance_salary_train.jpeg>] [23]
<Resources/matrix_avc_train.jpeg, id=457, 722.7pt x 433.62pt>
File: Resources/matrix_avc_train.jpeg Graphic file (type jpg)
<use Resources/matrix_avc_train.jpeg>
Package pdftex.def Info: Resources/matrix_avc_train.jpeg  used on input line 547.
(pdftex.def)             Requested size: 362.37569pt x 217.4248pt.
<Resources/matrix_avc_test.png, id=458, 722.7pt x 433.62pt>
File: Resources/matrix_avc_test.png Graphic file (type png)
<use Resources/matrix_avc_test.png>
Package pdftex.def Info: Resources/matrix_avc_test.png  used on input line 553.
(pdftex.def)             Requested size: 362.37569pt x 217.4248pt.
 [24 </home/student/Documents/IA/Tema2/Resources/matrix_avc_train.jpeg> </home/student/Documents/IA/Tema2/Resources/matrix_avc_test.png>]
<Resources/matrix_categorial_avc_train.png, id=468, 722.7pt x 433.62pt>
File: Resources/matrix_categorial_avc_train.png Graphic file (type png)
<use Resources/matrix_categorial_avc_train.png>
Package pdftex.def Info: Resources/matrix_categorial_avc_train.png  used on input line 561.
(pdftex.def)             Requested size: 362.37569pt x 217.4248pt.
<Resources/matrix_categorial_avc_test.png, id=469, 722.7pt x 433.62pt>
File: Resources/matrix_categorial_avc_test.png Graphic file (type png)
<use Resources/matrix_categorial_avc_test.png>
Package pdftex.def Info: Resources/matrix_categorial_avc_test.png  used on input line 567.
(pdftex.def)             Requested size: 362.37569pt x 217.4248pt.
 [25 </home/student/Documents/IA/Tema2/Resources/matrix_categorial_avc_train.png> </home/student/Documents/IA/Tema2/Resources/matrix_categorial_avc_test.png>]
<Resources/matrix_salary_train.jpeg, id=479, 722.7pt x 433.62pt>
File: Resources/matrix_salary_train.jpeg Graphic file (type jpg)
<use Resources/matrix_salary_train.jpeg>
Package pdftex.def Info: Resources/matrix_salary_train.jpeg  used on input line 576.
(pdftex.def)             Requested size: 362.37569pt x 217.4248pt.
<Resources/matrix_salary_test.png, id=480, 722.7pt x 433.62pt>
File: Resources/matrix_salary_test.png Graphic file (type png)
<use Resources/matrix_salary_test.png>
Package pdftex.def Info: Resources/matrix_salary_test.png  used on input line 582.
(pdftex.def)             Requested size: 362.37569pt x 217.4248pt.
 [26 </home/student/Documents/IA/Tema2/Resources/matrix_salary_train.jpeg> </home/student/Documents/IA/Tema2/Resources/matrix_salary_test.png>]
<Resources/matrix_categorial_salary_train.png, id=488, 722.7pt x 433.62pt>
File: Resources/matrix_categorial_salary_train.png Graphic file (type png)
<use Resources/matrix_categorial_salary_train.png>
Package pdftex.def Info: Resources/matrix_categorial_salary_train.png  used on input line 590.
(pdftex.def)             Requested size: 362.37569pt x 217.4248pt.
<Resources/matrix_categorial_salary_test.png, id=489, 722.7pt x 433.62pt>
File: Resources/matrix_categorial_salary_test.png Graphic file (type png)
<use Resources/matrix_categorial_salary_test.png>
Package pdftex.def Info: Resources/matrix_categorial_salary_test.png  used on input line 596.
(pdftex.def)             Requested size: 362.37569pt x 217.4248pt.
 [27 </home/student/Documents/IA/Tema2/Resources/matrix_categorial_salary_train.png> </home/student/Documents/IA/Tema2/Resources/matrix_categorial_salary_test.png>] [28]
Overfull \hbox (34.85735pt too wide) in paragraph at lines 665--665
[]        \OT1/cmtt/m/n/12 df_nmr_imputed = pd.DataFrame(imp.fit_transform(df_nmr), cols=nmr_cols)[] 
 []


Overfull \hbox (34.85735pt too wide) in paragraph at lines 665--665
[]        \OT1/cmtt/m/n/12 df_cat_imputed = pd.DataFrame(imp.fit_transform(df_cat), cols=cat_cols)[] 
 []


Overfull \hbox (53.38235pt too wide) in paragraph at lines 665--665
[]        \OT1/cmtt/m/n/12 df_nmr_imputed = pd.DataFrame(imp['nmr'].transform(df_nmr), cols=nmr_cols)[] 
 []


Overfull \hbox (53.38235pt too wide) in paragraph at lines 665--665
[]        \OT1/cmtt/m/n/12 df_cat_imputed = pd.DataFrame(imp['cat'].transform(df_cat), cols=cat_cols)[] 
 []

[29]
Underfull \hbox (badness 10000) in paragraph at lines 693--702

 []


Overfull \hbox (13.15388pt too wide) in paragraph at lines 703--704
[]\OT1/cmr/m/n/12 This re-sulted in the fol-low-ing elim-i-na-tions: \OT1/cmr/bx/n/12 anal-y-sis[]results \OT1/cmr/m/n/12 and \OT1/cmr/bx/n/12 bi-o-log-i-cal[]age[]index
 []


Overfull \hbox (28.68234pt too wide) in paragraph at lines 716--716
[]    \OT1/cmtt/m/n/12 upper = corr_mat.where(np.triu(np.ones(corr_mat.shape), k=1).astype(bool))[] 
 []

[30]
Overfull \hbox (22.50734pt too wide) in paragraph at lines 737--737
[]\OT1/cmtt/m/n/12 def standardize_data(df, nmr_cols, method='standard', fit=True, scaler=None):[] 
 []


Overfull \hbox (59.55736pt too wide) in paragraph at lines 764--764
[]    \OT1/cmtt/m/n/12 enc = OneHotEncoder(sparse_output=False, drop='first', handle_unknown='ignore')[] 
 []


Overfull \hbox (28.68234pt too wide) in paragraph at lines 764--764
[]                             \OT1/cmtt/m/n/12 cols=enc.get_feature_names_out(categorical_cols))[] 
 []

[31]
Overfull \hbox (47.20735pt too wide) in paragraph at lines 824--824
[]            \OT1/cmtt/m/n/12 nmr_cols_after_drop = [col for col in nmr_cols if col not in dropped][] 
 []


Overfull \hbox (3.98233pt too wide) in paragraph at lines 824--824
[]            \OT1/cmtt/m/n/12 dropped = [col for col in nmr_cols if col not in proc_df.cols][] 
 []


Overfull \hbox (47.20735pt too wide) in paragraph at lines 824--824
[]            \OT1/cmtt/m/n/12 nmr_cols_after_drop = [col for col in nmr_cols if col not in dropped][] 
 []

[32]
Overfull \hbox (34.85735pt too wide) in paragraph at lines 824--824
[]        \OT1/cmtt/m/n/12 # Preprocess the data by encoding cat variables and separating features[] 
 []


Overfull \hbox (10.15733pt too wide) in paragraph at lines 824--824
[]        \OT1/cmtt/m/n/12 df_enc, label_enc, enc = encode_categorical(df, target_column, enc)[] 
 []

[33]
Overfull \hbox (53.38235pt too wide) in paragraph at lines 895--895
[]\OT1/cmtt/m/n/12 function train_and_eval_logistic(X_train, T_train, X_test, T_test, lr, epochs_no):[] 
 []


Overfull \hbox (10.15733pt too wide) in paragraph at lines 927--927
[]\OT1/cmtt/m/n/12 function train_and_eval_sklearn_logistic(X_train, T_train, X_test, T_test):[] 
 []

[34] [35] [36]
Overfull \hbox (16.33234pt too wide) in paragraph at lines 1021--1021
[]                                       \OT1/cmtt/m/n/12 input_size, hidden_size, output_size,[] 
 []


Overfull \hbox (53.38235pt too wide) in paragraph at lines 1021--1021
[]                                       \OT1/cmtt/m/n/12 epochs, learning_rate, l2_reg, batch_size):[] 
 []


Overfull \hbox (28.68234pt too wide) in paragraph at lines 1021--1021
[]    \OT1/cmtt/m/n/12 return mlp, train_acc_list, test_acc_list, train_loss_list, test_loss_list[] 
 []

[37]
Overfull \hbox (47.20735pt too wide) in paragraph at lines 1055--1055
[]                        \OT1/cmtt/m/n/12 max_iter=max_iter, learning_rate_init=learning_rate_init,[] 
 []

[38] [39]
Package atveryend Info: Empty hook `BeforeClearDocument' on input line 1166.
 [40]
Package atveryend Info: Empty hook `AfterLastShipout' on input line 1166.
 (/home/student/Documents/IA/Tema2/AppliedML.aux)
Package atveryend Info: Executing hook `AtVeryEndDocument' on input line 1166.
Package atveryend Info: Executing hook `AtEndAfterFileList' on input line 1166.
Package rerunfilecheck Info: File `AppliedML.out' has not changed.
(rerunfilecheck)             Checksum: 98C9A172F688EB758E99D4241E9EEC2C;4032.
Package atveryend Info: Empty hook `AtVeryVeryEnd' on input line 1166.
 ) 
Here is how much of TeX's memory you used:
 8602 strings out of 483183
 135354 string characters out of 5966292
 405233 words of memory out of 5000000
 23293 multiletter control sequences out of 15000+600000
 543810 words of font info for 68 fonts, out of 8000000 for 9000
 14 hyphenation exceptions out of 8191
 48i,10n,46p,845b,470s stack positions out of 5000i,500n,10000p,200000b,80000s
 </home/student/.texlive2019/texmf-var/fonts/pk/ljfour/jknappen/ec/tcrm1200.600pk></usr/share/texlive/texmf-dist/fonts/type1/public/amsfonts/cm/cmbx10.pfb></usr/share/texlive/texmf-dist/fonts/type1/public/amsfonts/cm/cmbx12.pfb></usr/share/texlive/texmf-dist/fonts/type1/public/amsfonts/cm/cmmi12.pfb></usr/share/texlive/texmf-dist/fonts/type1/public/amsfonts/cm/cmmi6.pfb></usr/share/texlive/texmf-dist/fonts/type1/public/amsfonts/cm/cmmi8.pfb></usr/share/texlive/texmf-dist/fonts/type1/public/amsfonts/cm/cmr10.pfb></usr/share/texlive/texmf-dist/fonts/type1/public/amsfonts/cm/cmr12.pfb></usr/share/texlive/texmf-dist/fonts/type1/public/amsfonts/cm/cmr17.pfb></usr/share/texlive/texmf-dist/fonts/type1/public/amsfonts/cm/cmr8.pfb></usr/share/texlive/texmf-dist/fonts/type1/public/amsfonts/cm/cmsy10.pfb></usr/share/texlive/texmf-dist/fonts/type1/public/amsfonts/cm/cmsy6.pfb></usr/share/texlive/texmf-dist/fonts/type1/public/amsfonts/cm/cmsy8.pfb></usr/share/texlive/texmf-dist/fonts/type1/public/amsfonts/cm/cmti12.pfb></usr/share/texlive/texmf-dist/fonts/type1/public/amsfonts/cm/cmtt12.pfb>
Output written on /home/student/Documents/IA/Tema2/AppliedML.pdf (40 pages, 1835328 bytes).
PDF statistics:
 650 PDF objects out of 1000 (max. 8388607)
 539 compressed objects within 6 object streams
 141 named destinations out of 1000 (max. 500000)
 657 words of extra memory for PDF output out of 10000 (max. 10000000)

